Построение начато 24.03.2016 14:04:05.
     1>Проект "C:\Users\Vlad\Desktop\диплом\fft\fft\fftprog\fftprog\fftprog.vcxproj" в узле 2 (целевые объекты build).
     1>InitializeBuildStatus:
         Создание "Debug\fftprog.unsuccessfulbuild", так как было задано "AlwaysCreate".
       GenerateTargetFrameworkMonikerAttribute:
       Целевой объект "GenerateTargetFrameworkMonikerAttribute" пропускается, так как все выходные файлы актуальны по отношению к входным.
       ClCompile:
         Для всех выходных данных обновления не требуется.
         C:\Program Files (x86)\Microsoft Visual Studio 10.0\VC\bin\CL.exe /c /AI"C:\Program Files (x86)\Reference Assemblies\Microsoft\Framework\.NETFramework\v4.0" /Zi /clr:pure /nologo /W3 /WX- /Od /Oy- /D WIN32 /D _DEBUG /D _UNICODE /D UNICODE /EHa /MDd /GS /fp:precise /Zc:wchar_t /Zc:forScope /Yu"StdAfx.h" /Fp"Debug\fftprog.pch" /Fo"Debug\\" /Fd"Debug\vc100.pdb" /TP /FU"C:\Program Files (x86)\Reference Assemblies\Microsoft\Framework\.NETFramework\v4.0\System.Core.dll" /FU"C:\Program Files (x86)\Reference Assemblies\Microsoft\Framework\.NETFramework\v4.0\System.Data.dll" /FU"C:\Program Files (x86)\Reference Assemblies\Microsoft\Framework\.NETFramework\v4.0\System.dll" /FU"C:\Program Files (x86)\Reference Assemblies\Microsoft\Framework\.NETFramework\v4.0\System.Drawing.dll" /FU"C:\Program Files (x86)\Reference Assemblies\Microsoft\Framework\.NETFramework\v4.0\System.Windows.Forms.dll" /FU"C:\Program Files (x86)\Reference Assemblies\Microsoft\Framework\.NETFramework\v4.0\System.Xml.dll" /analyze- /errorReport:prompt fftprog.cpp /clr:nostdlib 
         fftprog.cpp
     1>c:\users\vlad\desktop\диплом\fft\fft\fftprog\fftprog\bass.h(668): warning C4200: нестандартное расширение: массив нулевого размера в структуре (объединении)
                 Невозможно создать конструктор копии или оператор присвоения копии, когда UDT содержит массив нулевого размера
     1>c:\users\vlad\desktop\диплом\fft\fft\fftprog\fftprog\Form1.h(277): warning C4244: =: преобразование "QWORD" в "double", возможна потеря данных
     1>c:\users\vlad\desktop\диплом\fft\fft\fftprog\fftprog\Form1.h(350): warning C4996: 'fopen': This function or variable may be unsafe. Consider using fopen_s instead. To disable deprecation, use _CRT_SECURE_NO_WARNINGS. See online help for details.
                 C:\Program Files (x86)\Microsoft Visual Studio 10.0\VC\include\stdio.h(234): см. объявление "fopen"
     1>c:\users\vlad\desktop\диплом\fft\fft\fftprog\fftprog\Form1.h(356): warning C4996: 'fopen': This function or variable may be unsafe. Consider using fopen_s instead. To disable deprecation, use _CRT_SECURE_NO_WARNINGS. See online help for details.
                 C:\Program Files (x86)\Microsoft Visual Studio 10.0\VC\include\stdio.h(234): см. объявление "fopen"
     1>c:\users\vlad\desktop\диплом\fft\fft\fftprog\fftprog\Form1.h(429): warning C4305: инициализация: усечение из "double" к "float"
     1>c:\users\vlad\desktop\диплом\fft\fft\fftprog\fftprog\Form1.h(433): warning C4996: 'strncpy': This function or variable may be unsafe. Consider using strncpy_s instead. To disable deprecation, use _CRT_SECURE_NO_WARNINGS. See online help for details.
                 C:\Program Files (x86)\Microsoft Visual Studio 10.0\VC\include\string.h(188): см. объявление "strncpy"
     1>c:\users\vlad\desktop\диплом\fft\fft\fftprog\fftprog\Form1.h(439): warning C4996: 'getch': The POSIX name for this item is deprecated. Instead, use the ISO C++ conformant name: _getch. See online help for details.
                 C:\Program Files (x86)\Microsoft Visual Studio 10.0\VC\include\conio.h(128): см. объявление "getch"
     1>c:\users\vlad\desktop\диплом\fft\fft\fftprog\fftprog\Form1.h(442): warning C4305: =: усечение из "double" к "float"
         Для всех выходных данных обновления не требуется.
       CoreResGen:
         Отсутствуют ресурсы, устаревшие по отношению к файлам своих источников. Пропуск формирования ресурсов.
       ResourceCompile:
         Для всех выходных данных обновления не требуется.
       Link:
         C:\Program Files (x86)\Microsoft Visual Studio 10.0\VC\bin\link.exe /ERRORREPORT:PROMPT /OUT:"C:\Users\Vlad\Desktop\диплом\fft\fft\fftprog\Debug\fftprog.exe" /INCREMENTAL /NOLOGO bass.lib kernel32.lib user32.lib gdi32.lib winspool.lib comdlg32.lib advapi32.lib shell32.lib ole32.lib oleaut32.lib uuid.lib odbc32.lib odbccp32.lib /ASSEMBLYRESOURCE:Debug\fftprog.Form1.resources /MANIFEST /ManifestFile:"Debug\fftprog.exe.intermediate.manifest" /MANIFESTUAC:"level='asInvoker' uiAccess='false'" /DEBUG /PDB:"C:\Users\Vlad\Desktop\диплом\fft\fft\fftprog\Debug\fftprog.pdb" /ASSEMBLYDEBUG /SUBSYSTEM:WINDOWS /TLBID:1 /ENTRY:"main" /DYNAMICBASE /FIXED:NO /NXCOMPAT /MACHINE:X86 Debug\app.res
         Debug\AssemblyInfo.obj
         Debug\fftprog.obj
         Debug\stdafx.obj
         "Debug\.NETFramework,Version=v4.0.AssemblyAttributes.obj"
         fftprog.vcxproj -> C:\Users\Vlad\Desktop\диплом\fft\fft\fftprog\Debug\fftprog.exe
       Manifest:
         C:\Program Files (x86)\Microsoft SDKs\Windows\v7.0A\bin\mt.exe /nologo /verbose /outputresource:"C:\Users\Vlad\Desktop\диплом\fft\fft\fftprog\Debug\fftprog.exe;#1" /manifest Debug\fftprog.exe.intermediate.manifest
       FinalizeBuildStatus:
         Файл "Debug\fftprog.unsuccessfulbuild" удаляется.
         Обращение к "Debug\fftprog.lastbuildstate".
     1>Построение проекта "C:\Users\Vlad\Desktop\диплом\fft\fft\fftprog\fftprog\fftprog.vcxproj" завершено (целевые объекты build).

Построение успешно завершено.

Затраченное время: 00:00:04.91
